<?xml version="1.0" encoding="UTF-8"?>
<!-- Generated by org.testng.reporters.JUnitReportReporter -->
<testsuite hostname="DESKTOP-JAS0CHU" failures="0" tests="1" name="BasicsOfSelenium.ListConcepts" time="6.543" errors="0" timestamp="2025-02-09T12:39:28 IST" skipped="0">
  <testcase classname="BasicsOfSelenium.ListConcepts" name="login" time="6.543"/>
  <system-out/>
</testsuite> <!-- BasicsOfSelenium.ListConcepts -->
