<?xml version="1.0" encoding="UTF-8"?>
<!-- Generated by org.testng.reporters.JUnitReportReporter -->
<testsuite hostname="DESKTOP-JAS0CHU" failures="0" tests="1" name="TestCase.MakeMyTripHoteltSearchTestcase" time="0.081" errors="0" timestamp="2025-03-16T12:25:13 IST" skipped="0">
  <testcase classname="TestCase.MakeMyTripHoteltSearchTestcase" name="ValidateHotelSearchwithValidvalues" time="0.081"/>
  <system-out/>
</testsuite> <!-- TestCase.MakeMyTripHoteltSearchTestcase -->
