<?xml version="1.0" encoding="UTF-8"?>
<!-- Generated by org.testng.reporters.JUnitReportReporter -->
<testsuite hostname="DESKTOP-JAS0CHU" failures="0" tests="1" name="BasicsOfSelenium.FirstClass" time="45.504" errors="0" timestamp="2025-02-08T11:45:08 IST" skipped="0">
  <testcase classname="BasicsOfSelenium.FirstClass" name="login" time="45.504"/>
  <system-out/>
</testsuite> <!-- BasicsOfSelenium.FirstClass -->
