<?xml version="1.0" encoding="UTF-8"?>
<!-- Generated by org.testng.reporters.JUnitReportReporter -->
<testsuite hostname="DESKTOP-JAS0CHU" failures="0" tests="1" name="BasicsOfSelenium.Download" time="7.403" errors="0" timestamp="2025-02-23T12:07:59 IST" skipped="0">
  <testcase classname="BasicsOfSelenium.Download" name="downloadintospecific" time="7.403"/>
  <system-out/>
</testsuite> <!-- BasicsOfSelenium.Download -->
