<?xml version="1.0" encoding="UTF-8"?>
<!-- Generated by org.testng.reporters.JUnitReportReporter -->
<testsuite hostname="DESKTOP-JAS0CHU" failures="0" tests="4" name="TestNGconcepts.TestNGBasics" time="0.012" errors="0" timestamp="2025-02-23T12:24:37 IST" skipped="0">
  <testcase classname="TestNGconcepts.TestNGBasics" name="Testcase2" time="0.001"/>
  <system-out/>
  <testcase classname="TestNGconcepts.TestNGBasics" name="Testcase" time="0.001"/>
  <system-out/>
  <testcase classname="TestNGconcepts.TestNGBasics" name="Testcase" time="0.008"/>
  <system-out/>
  <testcase classname="TestNGconcepts.TestNGBasics" name="Testcase2" time="0.002"/>
  <system-out/>
</testsuite> <!-- TestNGconcepts.TestNGBasics -->
