<?xml version="1.0" encoding="UTF-8"?>
<!-- Generated by org.testng.reporters.JUnitReportReporter -->
<testsuite hostname="DESKTOP-JAS0CHU" failures="0" tests="1" name="BasicsOfSelenium.Radiobutton" time="8.179" errors="0" timestamp="2025-02-09T12:20:43 IST" skipped="0">
  <testcase classname="BasicsOfSelenium.Radiobutton" name="login" time="8.179"/>
  <system-out/>
</testsuite> <!-- BasicsOfSelenium.Radiobutton -->
