<?xml version="1.0" encoding="UTF-8"?>
<!-- Generated by org.testng.reporters.JUnitReportReporter -->
<testsuite hostname="DESKTOP-JAS0CHU" failures="0" tests="1" name="BasicsOfSelenium.Upload" time="9.327" errors="0" timestamp="2025-02-23T12:03:27 IST" skipped="0">
  <testcase classname="BasicsOfSelenium.Upload" name="uploadfile" time="9.327"/>
  <system-out/>
</testsuite> <!-- BasicsOfSelenium.Upload -->
