<?xml version="1.0" encoding="UTF-8"?>
<!-- Generated by org.testng.reporters.JUnitReportReporter -->
<testsuite hostname="DESKTOP-JAS0CHU" failures="0" tests="1" name="BasicsOfSelenium.Highlight" time="5.351" errors="0" timestamp="2025-02-22T12:34:12 IST" skipped="0">
  <testcase classname="BasicsOfSelenium.Highlight" name="HighLights" time="5.351"/>
  <system-out/>
</testsuite> <!-- BasicsOfSelenium.Highlight -->
