<?xml version="1.0" encoding="UTF-8"?>
<!-- Generated by org.testng.reporters.JUnitReportReporter -->
<testsuite hostname="DESKTOP-JAS0CHU" failures="0" tests="3" name="TestCase.MakeMyTripHoteltSearchTestcase" time="1.745" errors="0" timestamp="2025-03-22T12:07:33 IST" skipped="0">
  <testcase classname="TestCase.MakeMyTripHoteltSearchTestcase" name="ValidateHotelSearchwithValidvalues" time="0.061"/>
  <system-out/>
  <testcase classname="TestCase.MakeMyTripHoteltSearchTestcase" name="ValidateFigltSearchwithinValidvalues" time="0.774"/>
  <system-out/>
  <testcase classname="TestCase.MakeMyTripHoteltSearchTestcase" name="ValidateFigltSearchwithinValidvalues" time="0.910"/>
  <system-out/>
</testsuite> <!-- TestCase.MakeMyTripHoteltSearchTestcase -->
