<?xml version="1.0" encoding="UTF-8"?>
<!-- Generated by org.testng.reporters.JUnitReportReporter -->
<testsuite hostname="DESKTOP-JAS0CHU" failures="0" tests="1" name="BasicsOfSelenium.VerificationandValidation" time="4.527" errors="0" timestamp="2025-02-22T12:30:04 IST" skipped="0">
  <testcase classname="BasicsOfSelenium.VerificationandValidation" name="login" time="4.527"/>
  <system-out/>
</testsuite> <!-- BasicsOfSelenium.VerificationandValidation -->
