<?xml version="1.0" encoding="UTF-8"?>
<!-- Generated by org.testng.reporters.JUnitReportReporter -->
<testsuite hostname="DESKTOP-JAS0CHU" failures="0" tests="2" name="TestCase.MakeMyTripFlightSearchTestcase" time="13.863" errors="0" timestamp="2025-03-16T12:25:13 IST" skipped="0">
  <testcase classname="TestCase.MakeMyTripFlightSearchTestcase" name="ValidateFigltSearchwithValidvalues" time="11.815"/>
  <system-out/>
  <testcase classname="TestCase.MakeMyTripFlightSearchTestcase" name="ValidateFigltSearchwithinValidvalues" time="2.048"/>
  <system-out/>
</testsuite> <!-- TestCase.MakeMyTripFlightSearchTestcase -->
