<?xml version="1.0" encoding="UTF-8"?>
<!-- Generated by org.testng.reporters.JUnitReportReporter -->
<testsuite hostname="DESKTOP-JAS0CHU" failures="0" tests="2" name="TestNGconcepts.TestNGBasics2" time="0.002" errors="0" timestamp="2025-02-23T12:24:37 IST" skipped="0">
  <testcase classname="TestNGconcepts.TestNGBasics2" name="Testcase" time="0.001"/>
  <system-out/>
  <testcase classname="TestNGconcepts.TestNGBasics2" name="Testcase" time="0.001"/>
  <system-out/>
</testsuite> <!-- TestNGconcepts.TestNGBasics2 -->
