<?xml version="1.0" encoding="UTF-8"?>
<!-- Generated by org.testng.reporters.JUnitReportReporter -->
<testsuite hostname="DESKTOP-JAS0CHU" failures="0" tests="1" name="BasicsOfSelenium.MouseActions" time="9.982" errors="0" timestamp="2025-02-22T11:39:57 IST" skipped="0">
  <testcase classname="BasicsOfSelenium.MouseActions" name="fb" time="9.982"/>
  <system-out/>
</testsuite> <!-- BasicsOfSelenium.MouseActions -->
