<?xml version="1.0" encoding="UTF-8"?>
<!-- Generated by org.testng.reporters.JUnitReportReporter -->
<testsuite hostname="DESKTOP-JAS0CHU" failures="0" tests="1" name="BasicsOfSelenium.Screenshot" time="10.437" errors="0" timestamp="2025-02-22T12:39:59 IST" skipped="0">
  <testcase classname="BasicsOfSelenium.Screenshot" name="launch" time="10.437"/>
  <system-out/>
</testsuite> <!-- BasicsOfSelenium.Screenshot -->
