<?xml version="1.0" encoding="UTF-8"?>
<!-- Generated by org.testng.reporters.JUnitReportReporter -->
<testsuite hostname="DESKTOP-JAS0CHU" failures="0" tests="1" name="BasicsOfSelenium.Dropdown" time="8.220" errors="0" timestamp="2025-02-09T12:28:17 IST" skipped="0">
  <testcase classname="BasicsOfSelenium.Dropdown" name="login" time="8.220"/>
  <system-out/>
</testsuite> <!-- BasicsOfSelenium.Dropdown -->
