<?xml version="1.0" encoding="UTF-8"?>
<!-- Generated by org.testng.reporters.JUnitReportReporter -->
<testsuite hostname="DESKTOP-JAS0CHU" failures="0" tests="5" name="TestCase.MakeMyTripFlightSearchTestcase" time="24.878" errors="0" timestamp="2025-03-22T12:07:33 IST" skipped="0">
  <testcase classname="TestCase.MakeMyTripFlightSearchTestcase" name="ValidateFigltSearchwithValidvalues" time="10.901"/>
  <system-out/>
  <testcase classname="TestCase.MakeMyTripFlightSearchTestcase" name="ValidateFigltSearchwithValidvalues" time="10.499"/>
  <system-out/>
  <testcase classname="TestCase.MakeMyTripFlightSearchTestcase" name="ValidateFigltSearchwithinValidvalues" time="1.145"/>
  <system-out/>
  <testcase classname="TestCase.MakeMyTripFlightSearchTestcase" name="ValidateFigltSearchwithinValidvalues" time="0.958"/>
  <system-out/>
  <testcase classname="TestCase.MakeMyTripFlightSearchTestcase" name="ValidateFigltSearchwithinValidvalues" time="1.375"/>
  <system-out/>
</testsuite> <!-- TestCase.MakeMyTripFlightSearchTestcase -->
