<?xml version="1.0" encoding="UTF-8"?>
<!-- Generated by org.testng.reporters.JUnitReportReporter -->
<testsuite hostname="DESKTOP-JAS0CHU" failures="0" tests="1" name="BasicsOfSelenium.WindowsHandling" time="6.947" errors="0" timestamp="2025-02-22T12:20:35 IST" skipped="0">
  <testcase classname="BasicsOfSelenium.WindowsHandling" name="login" time="6.947"/>
  <system-out/>
</testsuite> <!-- BasicsOfSelenium.WindowsHandling -->
