<?xml version="1.0" encoding="UTF-8"?>
<!-- Generated by org.testng.reporters.JUnitReportReporter -->
<testsuite hostname="DESKTOP-JAS0CHU" failures="0" tests="1" name="BasicsOfSelenium.Frames" time="5.021" errors="0" timestamp="2025-02-22T12:08:06 IST" skipped="0">
  <testcase classname="BasicsOfSelenium.Frames" name="login" time="5.021"/>
  <system-out/>
</testsuite> <!-- BasicsOfSelenium.Frames -->
