<?xml version="1.0" encoding="UTF-8"?>
<!-- Generated by org.testng.reporters.JUnitReportReporter -->
<testsuite hostname="DESKTOP-JAS0CHU" failures="0" tests="3" name="TestCase.MakeMyTripHoteltSearchTestcase" time="1.525" errors="0" timestamp="2025-03-22T12:20:59 IST" skipped="0">
  <testcase classname="TestCase.MakeMyTripHoteltSearchTestcase" name="ValidateHotelSearchwithValidvalues" time="0.059"/>
  <testcase classname="TestCase.MakeMyTripHoteltSearchTestcase" name="ValidateFigltSearchwithinValidvalues" time="0.866"/>
  <testcase classname="TestCase.MakeMyTripHoteltSearchTestcase" name="ValidateFigltSearchwithinValidvalues" time="0.600"/>
</testsuite> <!-- TestCase.MakeMyTripHoteltSearchTestcase -->
